0 info it worked if it ends with ok
1 verbose cli [ 'C:\\Program Files\\nodejs\\node.exe',
1 verbose cli   'C:\\Program Files\\nodejs\\node_modules\\npm\\bin\\npm-cli.js',
1 verbose cli   'start' ]
2 info using npm@3.10.9
3 info using node@v7.1.0
4 verbose run-script [ 'prestart', 'start', 'poststart' ]
5 info lifecycle react_eshop@0.1.0~prestart: react_eshop@0.1.0
6 silly lifecycle react_eshop@0.1.0~prestart: no script for prestart, continuing
7 info lifecycle react_eshop@0.1.0~start: react_eshop@0.1.0
8 verbose lifecycle react_eshop@0.1.0~start: unsafe-perm in lifecycle true
9 verbose lifecycle react_eshop@0.1.0~start: PATH: C:\Users\admin\AppData\Roaming\nvm\v7.1.0\node_modules\npm\bin\node-gyp-bin;F:\3.reactjs_workspace\4.hk_cookingmama\devel\cookingmama_web\node_modules\.bin;C:\Windows\system32;C:\Windows;C:\Windows\System32\Wbem;C:\Windows\System32\WindowsPowerShell\v1.0\;C:\Windows\System32\OpenSSH\;C:\ProgramData\chocolatey\bin;C:\composer;C:\Program Files (x86)\NVIDIA Corporation\PhysX\Common;C:\Program Files\NVIDIA Corporation\NVIDIA NvDLISR;C:\Program Files\PuTTY\;C:\Program Files\Dart\dart-sdk\bin;C:\Program Files\Git\cmd;C:\Program Files\Java\jdk1.8.0_241\bin;D:\Develop\Android\Flutter\flutter\bin;C:\Program Files\dotnet\;C:\Program Files\Microsoft SQL Server\130\Tools\Binn\;D:\Program Files\Nox\bin;C:\Program Files\Microsoft SQL Server\Client SDK\ODBC\170\Tools\Binn\;C:\Program Files\nodejs\;C:\Program Files (x86)\GtkSharp\2.12\bin;C:\apache-ant-1.9.3\bin;E:\WinPython\WPy64-3770\python-3.7.7.amd64;C:\Users\admin\AppData\Local\Android\Sdk\platform-tools;C:\Program Files (x86)\Microsoft SDKs\Windows\v10.0A\bin\NETFX 4.8 Tools;C:\xampp\php;E:\WinPython\WPy64-3770\python-3.7.7.amd64\Scripts;C:\Program Files\TortoiseGit\bin;D:\Develop\Android\Flutter\flutter\.pub-cache\bin;C:\Program Files (x86)\NetSarang\Xshell 7\;C:\Program Files (x86)\NetSarang\Xftp 7\;C:\Program Files\Amazon\AWSCLIV2\;C:\Ruby27-x64\bin;C:\Cocos\Cocos2d-x\Cocos2d-x-3.10\templates;C:\Cocos\Cocos2d-x\Cocos2d-x-3.10\tools\cocos2d-console\bin;C:\Users\admin\AppData\Local\Microsoft\WindowsApps;C:\Program Files\Bandizip\;C:\Users\admin\AppData\Local\Programs\Microsoft VS Code\bin;C:\Users\admin\AppData\Roaming\Composer\vendor\bin;F:\xampp64\php;C:\Python27;C:\Python27\Scripts;"C:\Windows\System32;C:\Program Files\Git\git-cmd.exe;D:\Data\Mobile\flutter\bin";D:\Data\Mobile\flutter\bin;C:\Users\admin\AppData\Roaming\npm;C:\Users\admin\AppData\Local\Google\Cloud SDK\google-cloud-sdk\bin
10 verbose lifecycle react_eshop@0.1.0~start: CWD: F:\3.reactjs_workspace\4.hk_cookingmama\devel\cookingmama_web
11 silly lifecycle react_eshop@0.1.0~start: Args: [ '/d /s /c', 'react-scripts start' ]
12 silly lifecycle react_eshop@0.1.0~start: Returned: code: 1  signal: null
13 info lifecycle react_eshop@0.1.0~start: Failed to exec start script
14 verbose stack Error: react_eshop@0.1.0 start: `react-scripts start`
14 verbose stack Exit status 1
14 verbose stack     at EventEmitter.<anonymous> (C:\Users\admin\AppData\Roaming\nvm\v7.1.0\node_modules\npm\lib\utils\lifecycle.js:255:16)
14 verbose stack     at emitTwo (events.js:106:13)
14 verbose stack     at EventEmitter.emit (events.js:191:7)
14 verbose stack     at ChildProcess.<anonymous> (C:\Users\admin\AppData\Roaming\nvm\v7.1.0\node_modules\npm\lib\utils\spawn.js:40:14)
14 verbose stack     at emitTwo (events.js:106:13)
14 verbose stack     at ChildProcess.emit (events.js:191:7)
14 verbose stack     at maybeClose (internal/child_process.js:885:16)
14 verbose stack     at Process.ChildProcess._handle.onexit (internal/child_process.js:226:5)
15 verbose pkgid react_eshop@0.1.0
16 verbose cwd F:\3.reactjs_workspace\4.hk_cookingmama\devel\cookingmama_web
17 error Windows_NT 10.0.18362
18 error argv "C:\\Program Files\\nodejs\\node.exe" "C:\\Program Files\\nodejs\\node_modules\\npm\\bin\\npm-cli.js" "start"
19 error node v7.1.0
20 error npm  v3.10.9
21 error code ELIFECYCLE
22 error react_eshop@0.1.0 start: `react-scripts start`
22 error Exit status 1
23 error Failed at the react_eshop@0.1.0 start script 'react-scripts start'.
23 error Make sure you have the latest version of node.js and npm installed.
23 error If you do, this is most likely a problem with the react_eshop package,
23 error not with npm itself.
23 error Tell the author that this fails on your system:
23 error     react-scripts start
23 error You can get information on how to open an issue for this project with:
23 error     npm bugs react_eshop
23 error Or if that isn't available, you can get their info via:
23 error     npm owner ls react_eshop
23 error There is likely additional logging output above.
24 verbose exit [ 1, true ]
